[INFO] Scanning for projects...
[INFO] 
[INFO] -------------------------< com.team:flopkart >--------------------------
[INFO] Building flopkart 0.0.1-SNAPSHOT
[INFO]   from pom.xml
[INFO] --------------------------------[ jar ]---------------------------------
[INFO] 
[INFO] >>> spring-boot:3.2.0:run (default-cli) > test-compile @ flopkart >>>
[INFO] 
[INFO] --- resources:3.3.1:resources (default-resources) @ flopkart ---
[INFO] Copying 3 resources from src\main\resources to target\classes
[INFO] Copying 20 resources from src\main\resources to target\classes
[INFO] 
[INFO] --- compiler:3.11.0:compile (default-compile) @ flopkart ---
[INFO] Changes detected - recompiling the module! :source
[INFO] Compiling 55 source files with javac [debug release 17] to target\classes
WARNING: A terminally deprecated method in sun.misc.Unsafe has been called
WARNING: sun.misc.Unsafe::objectFieldOffset has been called by lombok.permit.Permit
WARNING: Please consider reporting this to the maintainers of class lombok.permit.Permit
WARNING: sun.misc.Unsafe::objectFieldOffset will be removed in a future release
[INFO] 
[INFO] --- resources:3.3.1:testResources (default-testResources) @ flopkart ---
[INFO] skip non existing resourceDirectory C:\Users\Prachi\OneDrive\Desktop\Prachi_Jha\College_Year_3\Projects\Flopkart\FLOPKART\src\test\resources
[INFO] 
[INFO] --- compiler:3.11.0:testCompile (default-testCompile) @ flopkart ---
[INFO] Changes detected - recompiling the module! :dependency
[INFO] Compiling 1 source file with javac [debug release 17] to target\test-classes
[INFO] 
[INFO] <<< spring-boot:3.2.0:run (default-cli) < test-compile @ flopkart <<<
[INFO] 
[INFO] 
[INFO] --- spring-boot:3.2.0:run (default-cli) @ flopkart ---
[INFO] Attaching agents: []

  .   ____          _            __ _ _
 /\\ / ___'_ __ _ _(_)_ __  __ _ \ \ \ \
( ( )\___ | '_ | '_| | '_ \/ _` | \ \ \ \
 \\/  ___)| |_)| | | | | || (_| |  ) ) ) )
  '  |____| .__|_| |_|_| |_\__, | / / / /
 =========|_|==============|___/=/_/_/_/
 :: Spring Boot ::                (v3.2.0)

2026-04-01T23:42:01.181+05:30  INFO 35048 --- [flopkart] [           main] com.team.flopkart.FlopkartApplication    : Starting FlopkartApplication using Java 25.0.2 with PID 35048 (C:\Users\Prachi\OneDrive\Desktop\Prachi_Jha\College_Year_3\Projects\Flopkart\FLOPKART\target\classes started by Prachi in C:\Users\Prachi\OneDrive\Desktop\Prachi_Jha\College_Year_3\Projects\Flopkart\FLOPKART)
2026-04-01T23:42:01.185+05:30  INFO 35048 --- [flopkart] [           main] com.team.flopkart.FlopkartApplication    : The following 1 profile is active: "dev"
2026-04-01T23:42:02.080+05:30  INFO 35048 --- [flopkart] [           main] .s.d.r.c.RepositoryConfigurationDelegate : Bootstrapping Spring Data JPA repositories in DEFAULT mode.
2026-04-01T23:42:02.178+05:30  INFO 35048 --- [flopkart] [           main] .s.d.r.c.RepositoryConfigurationDelegate : Finished Spring Data repository scanning in 88 ms. Found 7 JPA repository interfaces.
WARNING: A restricted method in java.lang.System has been called
WARNING: java.lang.System::load has been called by org.apache.tomcat.jni.Library in an unnamed module (file:/C:/Users/Prachi/.m2/repository/org/apache/tomcat/embed/tomcat-embed-core/10.1.16/tomcat-embed-core-10.1.16.jar)
WARNING: Use --enable-native-access=ALL-UNNAMED to avoid a warning for callers in this module
WARNING: Restricted methods will be blocked in a future release unless native access is enabled

2026-04-01T23:42:02.911+05:30  INFO 35048 --- [flopkart] [           main] o.s.b.w.embedded.tomcat.TomcatWebServer  : Tomcat initialized with port 8085 (http)
2026-04-01T23:42:02.921+05:30  INFO 35048 --- [flopkart] [           main] o.apache.catalina.core.StandardService   : Starting service [Tomcat]
2026-04-01T23:42:02.922+05:30  INFO 35048 --- [flopkart] [           main] o.apache.catalina.core.StandardEngine    : Starting Servlet engine: [Apache Tomcat/10.1.16]
2026-04-01T23:42:03.006+05:30  INFO 35048 --- [flopkart] [           main] o.a.c.c.C.[Tomcat].[localhost].[/]       : Initializing Spring embedded WebApplicationContext
2026-04-01T23:42:03.007+05:30  INFO 35048 --- [flopkart] [           main] w.s.c.ServletWebServerApplicationContext : Root WebApplicationContext: initialization completed in 1738 ms
2026-04-01T23:42:03.064+05:30  INFO 35048 --- [flopkart] [           main] com.zaxxer.hikari.HikariDataSource       : HikariPool-1 - Starting...
2026-04-01T23:42:03.311+05:30  INFO 35048 --- [flopkart] [           main] com.zaxxer.hikari.pool.HikariPool        : HikariPool-1 - Added connection conn0: url=jdbc:h2:mem:flopkartdb user=SA
2026-04-01T23:42:03.314+05:30  INFO 35048 --- [flopkart] [           main] com.zaxxer.hikari.HikariDataSource       : HikariPool-1 - Start completed.
2026-04-01T23:42:03.330+05:30  INFO 35048 --- [flopkart] [           main] o.s.b.a.h2.H2ConsoleAutoConfiguration    : H2 console available at '/h2-console'. Database available at 'jdbc:h2:mem:flopkartdb'
2026-04-01T23:42:03.506+05:30  INFO 35048 --- [flopkart] [           main] o.hibernate.jpa.internal.util.LogHelper  : HHH000204: Processing PersistenceUnitInfo [name: default]
2026-04-01T23:42:03.569+05:30  INFO 35048 --- [flopkart] [           main] org.hibernate.Version                    : HHH000412: Hibernate ORM core version 6.3.1.Final
2026-04-01T23:42:03.612+05:30  INFO 35048 --- [flopkart] [           main] o.h.c.internal.RegionFactoryInitiator    : HHH000026: Second-level cache disabled
2026-04-01T23:42:03.967+05:30  INFO 35048 --- [flopkart] [           main] o.s.o.j.p.SpringPersistenceUnitInfo      : No LoadTimeWeaver setup: ignoring JPA class transformer
2026-04-01T23:42:04.033+05:30  WARN 35048 --- [flopkart] [           main] org.hibernate.orm.deprecation            : HHH90000025: H2Dialect does not need to be specified explicitly using 'hibernate.dialect' (remove the property setting and it will be selected by default)
2026-04-01T23:42:05.393+05:30  INFO 35048 --- [flopkart] [           main] o.h.e.t.j.p.i.JtaPlatformInitiator       : HHH000489: No JTA platform available (set 'hibernate.transaction.jta.platform' to enable JTA platform integration)
Hibernate: 
    drop table if exists cart_items cascade 
Hibernate: 
    drop table if exists carts cascade 
Hibernate: 
    drop table if exists order_items cascade 
Hibernate: 
    drop table if exists orders cascade 
Hibernate: 
    drop table if exists products cascade 
Hibernate: 
    drop table if exists reviews cascade 
Hibernate: 
    drop table if exists sellers cascade 
Hibernate: 
    drop table if exists users cascade 
Hibernate: 
    create table cart_items (
        quantity integer not null,
        cart_id bigint not null,
        id bigint generated by default as identity,
        product_id bigint not null,
        primary key (id)
    )
Hibernate: 
    create table carts (
        id bigint generated by default as identity,
        updated_at timestamp(6),
        user_id bigint not null unique,
        primary key (id)
    )
Hibernate: 
    create table order_items (
        price_at_purchase numeric(10,2) not null,
        quantity integer not null,
        id bigint generated by default as identity,
        order_id bigint not null,
        product_id bigint not null,
        primary key (id)
    )
Hibernate: 
    create table orders (
        total_amount numeric(10,2) not null,
        id bigint generated by default as identity,
        placed_at timestamp(6) not null,
        updated_at timestamp(6) not null,
        user_id bigint not null,
        order_number varchar(255) not null unique,
        shipping_address varchar(255) not null,
        shipping_city varchar(255) not null,
        shipping_pincode varchar(255) not null,
        status varchar(255) not null check (status in ('PENDING','CONFIRMED','SHIPPED','DELIVERED','CANCELLED')),
        primary key (id)
    )
Hibernate: 
    create table products (
        active boolean not null,
        price float(53) not null,
        stock_quantity integer not null,
        id bigint generated by default as identity,
        brand varchar(255),
        description varchar(255),
        image_url varchar(255),
        name varchar(255),
        primary key (id)
    )
Hibernate: 
    create table reviews (
        rating integer not null,
        created_at timestamp(6) not null,
        id bigint generated by default as identity,
        order_id bigint not null,
        product_id bigint not null,
        user_id bigint not null,
        comment varchar(1000),
        primary key (id)
    )
Hibernate: 
    create table sellers (
        is_verified boolean not null,
        id bigint generated by default as identity,
        joined_at timestamp(6) not null,
        user_id bigint not null unique,
        bank_account varchar(255),
        gst_number varchar(255) unique,
        phone_number varchar(255),
        shop_name varchar(255) not null,
        primary key (id)
    )
Hibernate: 
    create table users (
        enabled boolean not null,
        created_at timestamp(6) not null,
        id bigint generated by default as identity,
        email varchar(255) not null unique,
        full_name varchar(255) not null,
        password varchar(255) not null,
        phone varchar(255),
        role varchar(255) not null check (role in ('CUSTOMER','SELLER','ADMIN')),
        primary key (id)
    )
Hibernate: 
    alter table if exists cart_items 
       add constraint FKpcttvuq4mxppo8sxggjtn5i2c 
       foreign key (cart_id) 
       references carts
Hibernate: 
    alter table if exists cart_items 
       add constraint FK1re40cjegsfvw58xrkdp6bac6 
       foreign key (product_id) 
       references products
Hibernate: 
    alter table if exists carts 
       add constraint FKb5o626f86h46m4s7ms6ginnop 
       foreign key (user_id) 
       references users
Hibernate: 
    alter table if exists order_items 
       add constraint FKbioxgbv59vetrxe0ejfubep1w 
       foreign key (order_id) 
       references orders
Hibernate: 
    alter table if exists order_items 
       add constraint FKocimc7dtr037rh4ls4l95nlfi 
       foreign key (product_id) 
       references products
Hibernate: 
    alter table if exists orders 
       add constraint FK32ql8ubntj5uh44ph9659tiih 
       foreign key (user_id) 
       references users
Hibernate: 
    alter table if exists reviews 
       add constraint FKqwgq1lxgahsxdspnwqfac6sv6 
       foreign key (order_id) 
       references orders
Hibernate: 
    alter table if exists reviews 
       add constraint FKpl51cejpw4gy5swfar8br9ngi 
       foreign key (product_id) 
       references products
Hibernate: 
    alter table if exists reviews 
       add constraint FKcgy7qjc1r99dp117y9en6lxye 
       foreign key (user_id) 
       references users
Hibernate: 
    alter table if exists sellers 
       add constraint FKjnqi0k1rlkb8h3fus7f5wfqd1 
       foreign key (user_id) 
       references users
2026-04-01T23:42:05.517+05:30  INFO 35048 --- [flopkart] [           main] j.LocalContainerEntityManagerFactoryBean : Initialized JPA EntityManagerFactory for persistence unit 'default'
2026-04-01T23:42:06.208+05:30  WARN 35048 --- [flopkart] [           main] JpaBaseConfiguration$JpaWebConfiguration : spring.jpa.open-in-view is enabled by default. Therefore, database queries may be performed during view rendering. Explicitly configure spring.jpa.open-in-view to disable this warning
2026-04-01T23:42:06.349+05:30  INFO 35048 --- [flopkart] [           main] o.s.b.a.w.s.WelcomePageHandlerMapping    : Adding welcome page template: index
2026-04-01T23:42:06.603+05:30  INFO 35048 --- [flopkart] [           main] o.s.s.web.DefaultSecurityFilterChain     : Will secure any request with [org.springframework.security.web.session.DisableEncodeUrlFilter@638e8194, org.springframework.security.web.context.request.async.WebAsyncManagerIntegrationFilter@43c64d6f, org.springframework.security.web.context.SecurityContextHolderFilter@212be8c, org.springframework.security.web.header.HeaderWriterFilter@7d381eae, org.springframework.web.filter.CorsFilter@6b247ef6, org.springframework.security.web.csrf.CsrfFilter@3d67e3d3, org.springframework.security.web.authentication.logout.LogoutFilter@723f8990, org.springframework.security.web.authentication.UsernamePasswordAuthenticationFilter@4f93a8f6, org.springframework.security.web.savedrequest.RequestCacheAwareFilter@787b7796, org.springframework.security.web.servletapi.SecurityContextHolderAwareRequestFilter@a0e35c3, org.springframework.security.web.authentication.AnonymousAuthenticationFilter@188532da, org.springframework.security.web.access.ExceptionTranslationFilter@77185a2, org.springframework.security.web.access.intercept.AuthorizationFilter@5f8a29ca]
2026-04-01T23:42:06.902+05:30  INFO 35048 --- [flopkart] [           main] o.s.b.w.embedded.tomcat.TomcatWebServer  : Tomcat started on port 8085 (http) with context path ''
2026-04-01T23:42:06.911+05:30  INFO 35048 --- [flopkart] [           main] com.team.flopkart.FlopkartApplication    : Started FlopkartApplication in 6.262 seconds (process running for 6.726)
2026-04-01T23:42:07.099+05:30  INFO 35048 --- [flopkart] [nio-8085-exec-1] o.a.c.c.C.[Tomcat].[localhost].[/]       : Initializing Spring DispatcherServlet 'dispatcherServlet'
2026-04-01T23:42:07.100+05:30  INFO 35048 --- [flopkart] [nio-8085-exec-1] o.s.web.servlet.DispatcherServlet        : Initializing Servlet 'dispatcherServlet'
2026-04-01T23:42:07.102+05:30  INFO 35048 --- [flopkart] [nio-8085-exec-1] o.s.web.servlet.DispatcherServlet        : Completed initialization in 2 ms
2026-04-01T23:42:07.121+05:30  WARN 35048 --- [flopkart] [nio-8085-exec-1] o.s.w.s.h.HandlerMappingIntrospector     : Cache miss for REQUEST dispatch to '/auth/login' (previous null). Performing CorsConfiguration lookup. This is logged once only at WARN level, and every time at TRACE.
Hibernate: 
    select
        count(*) 
    from
        users u1_0
Hibernate: 
    insert 
    into
        users
        (created_at, email, enabled, full_name, password, phone, role, id) 
    values
        (?, ?, ?, ?, ?, ?, ?, default)
Hibernate: 
    insert 
    into
        users
        (created_at, email, enabled, full_name, password, phone, role, id) 
    values
        (?, ?, ?, ?, ?, ?, ?, default)
2026-04-01T23:42:07.659+05:30  WARN 35048 --- [flopkart] [nio-8085-exec-3] o.s.w.s.h.HandlerMappingIntrospector     : Cache miss for REQUEST dispatch to '/auth/login' (previous null). Performing MatchableHandlerMapping lookup. This is logged once only at WARN level, and every time at TRACE.
Hibernate: 
    insert 
    into
        users
        (created_at, email, enabled, full_name, password, phone, role, id) 
    values
        (?, ?, ?, ?, ?, ?, ?, default)
>> DataSeeder: users seeded.
>> DataSeeder: observers registered.
Hibernate: 
    select
        u1_0.id,
        u1_0.created_at,
        u1_0.email,
        u1_0.enabled,
        u1_0.full_name,
        u1_0.password,
        u1_0.phone,
        u1_0.role 
    from
        users u1_0 
    where
        u1_0.email=?
Hibernate: 
    select
        u1_0.id,
        u1_0.created_at,
        u1_0.email,
        u1_0.enabled,
        u1_0.full_name,
        u1_0.password,
        u1_0.phone,
        u1_0.role 
    from
        users u1_0 
    where
        u1_0.email=?
Hibernate: 
    select
        c1_0.id,
        c1_0.updated_at,
        c1_0.user_id 
    from
        carts c1_0 
    where
        c1_0.user_id=?
Hibernate: 
    select
        u1_0.id,
        u1_0.created_at,
        u1_0.email,
        u1_0.enabled,
        u1_0.full_name,
        u1_0.password,
        u1_0.phone,
        u1_0.role 
    from
        users u1_0 
    where
        u1_0.email=?
Hibernate: 
    select
        c1_0.id,
        c1_0.updated_at,
        c1_0.user_id 
    from
        carts c1_0 
    where
        c1_0.user_id=?
Hibernate: 
    insert 
    into
        carts
        (updated_at, user_id, id) 
    values
        (?, ?, default)
